<?xml version="1.0" encoding="UTF-8"?>
<!-- Generated by org.testng.reporters.JUnitReportReporter -->
<testsuite hostname="PavanKiran" failures="0" tests="1" name="Pratice.Landing_Page_Createacc_Link" time="10.957" errors="0" timestamp="2025-07-08T16:25:02 IST" skipped="0">
  <testcase classname="Pratice.Landing_Page_Createacc_Link" name="create_button" time="10.957"/>
</testsuite> <!-- Pratice.Landing_Page_Createacc_Link -->
