<?xml version="1.0" encoding="UTF-8"?>
<!-- Generated by org.testng.reporters.JUnitReportReporter -->
<testsuite hostname="PavanKiran" failures="0" tests="2" name="Pratice.SignIn" time="46.044" errors="0" timestamp="2025-07-22T13:58:22 IST" skipped="0">
  <testcase classname="Pratice.SignIn" name="loginvalidationwithloop" time="28.640"/>
  <testcase classname="Pratice.SignIn" name="sign_in" time="17.404"/>
</testsuite> <!-- Pratice.SignIn -->
