<?xml version="1.0" encoding="UTF-8"?>
<!-- Generated by org.testng.reporters.JUnitReportReporter -->
<testsuite hostname="PavanKiran" failures="0" tests="1" name="Pratice.Afterlogin" time="32.013" errors="0" timestamp="2025-07-22T15:08:14 IST" skipped="0">
  <testcase classname="Pratice.Afterlogin" name="login" time="32.013"/>
</testsuite> <!-- Pratice.Afterlogin -->
