<?xml version="1.0" encoding="UTF-8"?>
<!-- Generated by org.testng.reporters.JUnitReportReporter -->
<testsuite hostname="PavanKiran" failures="0" tests="1" name="Pratice.Magento" time="14.292" errors="0" timestamp="2025-07-08T16:25:02 IST" skipped="0">
  <testcase classname="Pratice.Magento" name="magento_landing_page" time="14.292"/>
</testsuite> <!-- Pratice.Magento -->
