<?xml version="1.0" encoding="UTF-8"?>
<!-- Generated by org.testng.reporters.JUnitReportReporter -->
<testsuite hostname="PavanKiran" failures="0" tests="1" name="tests.MouseActionsTest" time="5.972" errors="0" timestamp="2025-07-01T15:57:38 IST" skipped="0">
  <testcase classname="tests.MouseActionsTest" name="testHoverAction" time="5.972"/>
</testsuite> <!-- tests.MouseActionsTest -->
