<?xml version="1.0" encoding="UTF-8"?>
<!-- Generated by org.testng.reporters.JUnitReportReporter -->
<testsuite hostname="PavanKiran" failures="0" tests="1" name="tests.FramesTest" time="5.429" errors="0" timestamp="2025-07-01T15:57:38 IST" skipped="0">
  <testcase classname="tests.FramesTest" name="testFrameText" time="5.429"/>
</testsuite> <!-- tests.FramesTest -->
