<?xml version="1.0" encoding="UTF-8"?>
<!-- Generated by org.testng.reporters.JUnitReportReporter -->
<testsuite hostname="PavanKiran" failures="0" tests="2" name="tests.LoginTest" time="11.694" errors="0" timestamp="2025-07-01T15:57:38 IST" skipped="0">
  <testcase classname="tests.LoginTest" name="loginTest" time="5.887"/>
  <testcase classname="tests.LoginTest" name="loginTest" time="5.807"/>
</testsuite> <!-- tests.LoginTest -->
