<?xml version="1.0" encoding="UTF-8"?>
<!-- Generated by org.testng.reporters.JUnitReportReporter -->
<testsuite hostname="PavanKiran" failures="0" tests="1" name="Pratice.HYRTUTORIALS.WebSite_Landing_Page" time="21.921" errors="0" timestamp="2025-07-25T12:46:02 IST" skipped="0">
  <testcase classname="Pratice.HYRTUTORIALS.WebSite_Landing_Page" name="hvr" time="21.921"/>
</testsuite> <!-- Pratice.HYRTUTORIALS.WebSite_Landing_Page -->
