<?xml version="1.0" encoding="UTF-8"?>
<!-- Generated by org.testng.reporters.JUnitReportReporter -->
<testsuite hostname="PavanKiran" failures="0" tests="1" name="Pratice.HYRTUTORIALS.Selenium_Practice" time="13.171" errors="0" timestamp="2025-07-25T12:51:38 IST" skipped="0">
  <testcase classname="Pratice.HYRTUTORIALS.Selenium_Practice" name="selenium" time="13.171"/>
</testsuite> <!-- Pratice.HYRTUTORIALS.Selenium_Practice -->
