<?xml version="1.0" encoding="UTF-8"?>
<!-- Generated by org.testng.reporters.JUnitReportReporter -->
<testsuite hostname="PavanKiran" failures="0" tests="1" name="Pratice.HYRTUTORIALS.Youtube_Courses" time="20.200" errors="0" timestamp="2025-07-24T12:21:37 IST" skipped="0">
  <testcase classname="Pratice.HYRTUTORIALS.Youtube_Courses" name="youtube_courses" time="20.200"/>
</testsuite> <!-- Pratice.HYRTUTORIALS.Youtube_Courses -->
