<?xml version="1.0" encoding="UTF-8"?>
<!-- Generated by org.testng.reporters.JUnitReportReporter -->
<testsuite hostname="PavanKiran" failures="0" tests="1" name="Pratice.Demowebshop.Electronics" time="4.641" errors="0" timestamp="2025-07-31T15:20:02 IST" skipped="0">
  <testcase classname="Pratice.Demowebshop.Electronics" name="electronic" time="4.641"/>
</testsuite> <!-- Pratice.Demowebshop.Electronics -->
