<?xml version="1.0" encoding="UTF-8"?>
<!-- Generated by org.testng.reporters.JUnitReportReporter -->
<testsuite hostname="PavanKiran" failures="0" tests="1" name="Pratice.Demowebshop.ComputerLink" time="38.463" errors="0" timestamp="2025-07-31T15:20:54 IST" skipped="0">
  <testcase classname="Pratice.Demowebshop.ComputerLink" name="computer" time="38.463"/>
</testsuite> <!-- Pratice.Demowebshop.ComputerLink -->
